[23:02:14] [ServerMain/INFO]: [bootstrap] Running Java 21 (OpenJDK 64-Bit Server VM 21.0.8+9-Ubuntu-0ubuntu124.04.1; Ubuntu null) on Linux 6.8.0-1030-azure (amd64)
[23:02:14] [ServerMain/INFO]: [bootstrap] Loading Paper 1.21.3-63-master@4190ee7 (2024-11-25T18:59:19Z) for Minecraft 1.21.3
[23:02:14] [ServerMain/INFO]: [PluginInitializerManager] Initializing plugins...
[23:02:14] [ServerMain/INFO]: [PluginInitializerManager] Initialized 0 plugins
[23:02:15] [Paper Plugin Remapper Thread - 0/INFO]: [ReobfServer] Remapping server...
[23:02:21] [ServerMain/INFO]: Environment: Environment[sessionHost=https://sessionserver.mojang.com, servicesHost=https://api.minecraftservices.com, name=PROD]
[23:02:22] [ServerMain/INFO]: Found new data pack file/bukkit, loading it automatically
[23:02:22] [ServerMain/INFO]: Found new data pack paper, loading it automatically
[23:02:23] [ServerMain/INFO]: No existing world data, creating new world
[23:02:25] [ServerMain/INFO]: Loaded 1337 recipes
[23:02:25] [ServerMain/INFO]: Loaded 1448 advancements
[23:02:25] [Paper Plugin Remapper Thread - 0/INFO]: [ReobfServer] Done remapping server in 9918ms.
[23:02:25] [Server thread/INFO]: Starting minecraft server version 1.21.3
[23:02:25] [Server thread/INFO]: Loading properties
[23:02:26] [Server thread/INFO]: This server is running Paper version 1.21.3-63-master@4190ee7 (2024-11-25T18:59:19Z) (Implementing API version 1.21.3-R0.1-SNAPSHOT)
[23:02:26] [Server thread/INFO]: [spark] This server bundles the spark profiler. For more information please visit https://docs.papermc.io/paper/profiling
[23:02:27] [Server thread/INFO]: Server Ping Player Sample Count: 12
[23:02:27] [Server thread/INFO]: Using 4 threads for Netty based IO
[23:02:27] [Server thread/INFO]: [MoonriseCommon] Paper is using 1 worker threads, 1 I/O threads
[23:02:27] [Server thread/INFO]: [ChunkTaskScheduler] Chunk system is using population gen parallelism: true
[23:02:28] [Server thread/INFO]: Default game type: SURVIVAL
[23:02:28] [Server thread/INFO]: Generating keypair
[23:02:28] [Server thread/INFO]: Starting Minecraft server on *:25565
[23:02:28] [Server thread/INFO]: Using epoll channel type
[23:02:28] [Server thread/INFO]: Paper: Using libdeflate (Linux x86_64) compression from Velocity.
[23:02:28] [Server thread/INFO]: Paper: Using OpenSSL 3.x.x (Linux x86_64) cipher from Velocity.
[23:02:28] [Server thread/WARN]: **** SERVER IS RUNNING IN OFFLINE/INSECURE MODE!
[23:02:28] [Server thread/WARN]: The server will make no attempt to authenticate usernames. Beware.
[23:02:28] [Server thread/WARN]: While this makes the game possible to play without internet access, it also opens up the ability for hackers to connect with any username they choose.
[23:02:28] [Server thread/WARN]: To change this, set "online-mode" to "true" in the server.properties file.
[23:02:28] [Server thread/INFO]: Preparing level "world"
[23:02:35] [Paper Common Worker #0/INFO]: [MCTypeRegistry] Initialising converters for DataConverter...
[23:02:35] [Paper Common Worker #0/INFO]: [MCTypeRegistry] Finished initialising converters for DataConverter in 336.0ms
[23:02:40] [Server thread/INFO]: Preparing start region for dimension minecraft:overworld
[23:02:41] [Server thread/INFO]: Preparing spawn area: 2%
[23:02:41] [Server thread/INFO]: Preparing spawn area: 2%
[23:02:42] [Server thread/INFO]: Preparing spawn area: 2%
[23:02:42] [Server thread/INFO]: Preparing spawn area: 2%
[23:02:43] [Server thread/INFO]: Preparing spawn area: 4%
[23:02:43] [Server thread/INFO]: Preparing spawn area: 16%
[23:02:43] [Server thread/INFO]: Preparing spawn area: 18%
[23:02:44] [Server thread/INFO]: Preparing spawn area: 18%
[23:02:44] [Server thread/INFO]: Preparing spawn area: 18%
[23:02:45] [Server thread/INFO]: Preparing spawn area: 46%
[23:02:45] [Server thread/INFO]: Preparing spawn area: 51%
[23:02:46] [Server thread/INFO]: Preparing spawn area: 51%
[23:02:47] [Server thread/INFO]: Preparing spawn area: 65%
[23:02:47] [Server thread/INFO]: Preparing spawn area: 73%
[23:02:47] [Server thread/INFO]: Time elapsed: 6596 ms
[23:02:47] [Server thread/INFO]: Preparing start region for dimension minecraft:the_nether
[23:02:47] [Server thread/INFO]: Preparing spawn area: 2%
[23:02:48] [Server thread/INFO]: Preparing spawn area: 2%
[23:02:48] [Server thread/INFO]: Preparing spawn area: 18%
[23:02:49] [Server thread/INFO]: Preparing spawn area: 51%
[23:02:49] [Server thread/INFO]: Preparing spawn area: 57%
[23:02:49] [Server thread/INFO]: Time elapsed: 2199 ms
[23:02:49] [Server thread/INFO]: Preparing start region for dimension minecraft:the_end
[23:02:49] [Server thread/INFO]: Preparing spawn area: 2%
[23:02:50] [Server thread/INFO]: Preparing spawn area: 51%
[23:02:50] [Server thread/INFO]: Time elapsed: 548 ms
[23:02:50] [Server thread/INFO]: [spark] Starting background profiler...
[23:02:50] [Server thread/INFO]: Done preparing level "world" (22.453s)
[23:02:50] [Server thread/INFO]: Running delayed init tasks
[23:02:50] [Server thread/INFO]: Done (37.458s)! For help, type "help"
[23:02:50] [Server thread/INFO]: *************************************************************************************
[23:02:50] [Server thread/INFO]: This is the first time you're starting this server.
[23:02:50] [Server thread/INFO]: It's recommended you read our 'Getting Started' documentation for guidance.
[23:02:50] [Server thread/INFO]: View this and more helpful information here: https://docs.papermc.io/paper/next-steps
[23:02:50] [Server thread/INFO]: *************************************************************************************
